{"C:\\Users\\Victor\\Desktop\\practic\\task-app-jest\\src\\components\\FormApp.vue": {"path":"C:\\Users\\Victor\\Desktop\\practic\\task-app-jest\\src\\components\\FormApp.vue","statementMap":{"0":{"start":{"line":58,"column":0},"end":{"line":58,"column":null}},"1":{"start":{"line":63,"column":0},"end":{"line":63,"column":null}},"2":{"start":{"line":71,"column":0},"end":{"line":71,"column":null}}},"fnMap":{"0":{"name":"(anonymous_1)","decl":{"start":{"line":63,"column":0},"end":{"line":63,"column":null}},"loc":{"start":{"line":63,"column":0},"end":{"line":63,"column":null}}},"1":{"name":"(anonymous_2)","decl":{"start":{"line":70,"column":0},"end":{"line":70,"column":null}},"loc":{"start":{"line":70,"column":0},"end":{"line":77,"column":null}}}},"branchMap":{},"s":{"0":1,"1":6,"2":4},"f":{"0":6,"1":4},"b":{}}
,"C:\\Users\\Victor\\Desktop\\practic\\task-app-jest\\src\\components\\TaskItem.vue": {"path":"C:\\Users\\Victor\\Desktop\\practic\\task-app-jest\\src\\components\\TaskItem.vue","statementMap":{"0":{"start":{"line":21,"column":0},"end":{"line":21,"column":null}},"1":{"start":{"line":38,"column":0},"end":{"line":38,"column":null}}},"fnMap":{"0":{"name":"(anonymous_1)","decl":{"start":{"line":37,"column":0},"end":{"line":37,"column":null}},"loc":{"start":{"line":37,"column":0},"end":{"line":41,"column":null}}}},"branchMap":{"0":{"loc":{"start":{"line":38,"column":0},"end":{"line":38,"column":null}},"type":"cond-expr","locations":[{"start":{"line":38,"column":0},"end":{"line":38,"column":null}},{"start":{"line":38,"column":0},"end":{"line":38,"column":null}}]}},"s":{"0":2,"1":15},"f":{"0":15},"b":{"0":[14,1]}}
,"C:\\Users\\Victor\\Desktop\\practic\\task-app-jest\\src\\localStorage\\index.js": {"path":"C:\\Users\\Victor\\Desktop\\practic\\task-app-jest\\src\\localStorage\\index.js","statementMap":{"0":{"start":{"line":1,"column":24},"end":{"line":17,"column":1}},"1":{"start":{"line":4,"column":6},"end":{"line":4,"column":55}},"2":{"start":{"line":8,"column":6},"end":{"line":8,"column":44}},"3":{"start":{"line":8,"column":37},"end":{"line":8,"column":44}},"4":{"start":{"line":10,"column":6},"end":{"line":10,"column":59}},"5":{"start":{"line":14,"column":6},"end":{"line":14,"column":39}}},"fnMap":{"0":{"name":"(anonymous_0)","decl":{"start":{"line":3,"column":4},"end":{"line":3,"column":5}},"loc":{"start":{"line":3,"column":15},"end":{"line":5,"column":5}},"line":3},"1":{"name":"(anonymous_1)","decl":{"start":{"line":7,"column":4},"end":{"line":7,"column":5}},"loc":{"start":{"line":7,"column":20},"end":{"line":11,"column":5}},"line":7},"2":{"name":"(anonymous_2)","decl":{"start":{"line":13,"column":4},"end":{"line":13,"column":5}},"loc":{"start":{"line":13,"column":18},"end":{"line":15,"column":5}},"line":13}},"branchMap":{"0":{"loc":{"start":{"line":8,"column":6},"end":{"line":8,"column":44}},"type":"if","locations":[{"start":{"line":8,"column":6},"end":{"line":8,"column":44}},{"start":{"line":8,"column":6},"end":{"line":8,"column":44}}],"line":8}},"s":{"0":5,"1":12,"2":7,"3":2,"4":5,"5":6},"f":{"0":12,"1":7,"2":6},"b":{"0":[2,5]},"_coverageSchema":"43e27e138ebf9cfc5966b082cf9a028302ed4184","hash":"9440ff2ce704d9cf6eeeada86698871edc0f9f6a"}
,"C:\\Users\\Victor\\Desktop\\practic\\task-app-jest\\src\\store\\tasks\\actions.js": {"path":"C:\\Users\\Victor\\Desktop\\practic\\task-app-jest\\src\\store\\tasks\\actions.js","statementMap":{"0":{"start":{"line":1,"column":16},"end":{"line":12,"column":1}},"1":{"start":{"line":3,"column":4},"end":{"line":4,"column":19}},"2":{"start":{"line":4,"column":6},"end":{"line":4,"column":19}},"3":{"start":{"line":6,"column":4},"end":{"line":6,"column":32}},"4":{"start":{"line":10,"column":4},"end":{"line":10,"column":37}}},"fnMap":{"0":{"name":"(anonymous_0)","decl":{"start":{"line":2,"column":2},"end":{"line":2,"column":3}},"loc":{"start":{"line":2,"column":32},"end":{"line":7,"column":3}},"line":2},"1":{"name":"(anonymous_1)","decl":{"start":{"line":9,"column":2},"end":{"line":9,"column":3}},"loc":{"start":{"line":9,"column":26},"end":{"line":11,"column":3}},"line":9}},"branchMap":{"0":{"loc":{"start":{"line":3,"column":4},"end":{"line":4,"column":19}},"type":"if","locations":[{"start":{"line":3,"column":4},"end":{"line":4,"column":19}},{"start":{"line":3,"column":4},"end":{"line":4,"column":19}}],"line":3},"1":{"loc":{"start":{"line":3,"column":8},"end":{"line":3,"column":74}},"type":"binary-expr","locations":[{"start":{"line":3,"column":8},"end":{"line":3,"column":22}},{"start":{"line":3,"column":26},"end":{"line":3,"column":46}},{"start":{"line":3,"column":50},"end":{"line":3,"column":74}}],"line":3}},"s":{"0":4,"1":3,"2":2,"3":1,"4":1},"f":{"0":3,"1":1},"b":{"0":[2,1],"1":[3,3,2]},"_coverageSchema":"43e27e138ebf9cfc5966b082cf9a028302ed4184","hash":"a825ae0aee915ab76ca3dd9f4e1e0cde83eb9368"}
,"C:\\Users\\Victor\\Desktop\\practic\\task-app-jest\\src\\store\\tasks\\getters.js": {"path":"C:\\Users\\Victor\\Desktop\\practic\\task-app-jest\\src\\store\\tasks\\getters.js","statementMap":{"0":{"start":{"line":1,"column":16},"end":{"line":5,"column":1}},"1":{"start":{"line":3,"column":4},"end":{"line":3,"column":23}}},"fnMap":{"0":{"name":"(anonymous_0)","decl":{"start":{"line":2,"column":2},"end":{"line":2,"column":3}},"loc":{"start":{"line":2,"column":18},"end":{"line":4,"column":3}},"line":2}},"branchMap":{},"s":{"0":4,"1":3},"f":{"0":3},"b":{},"_coverageSchema":"43e27e138ebf9cfc5966b082cf9a028302ed4184","hash":"f5568aaa806d13e03b5ced4712e0ec63cbd7bdf5"}
,"C:\\Users\\Victor\\Desktop\\practic\\task-app-jest\\src\\store\\tasks\\mutations.js": {"path":"C:\\Users\\Victor\\Desktop\\practic\\task-app-jest\\src\\store\\tasks\\mutations.js","statementMap":{"0":{"start":{"line":2,"column":23},"end":{"line":2,"column":38}},"1":{"start":{"line":4,"column":18},"end":{"line":20,"column":1}},"2":{"start":{"line":6,"column":4},"end":{"line":6,"column":28}},"3":{"start":{"line":7,"column":4},"end":{"line":7,"column":37}},"4":{"start":{"line":12,"column":4},"end":{"line":18,"column":7}},"5":{"start":{"line":13,"column":6},"end":{"line":17,"column":7}},"6":{"start":{"line":14,"column":8},"end":{"line":14,"column":26}},"7":{"start":{"line":15,"column":8},"end":{"line":15,"column":41}},"8":{"start":{"line":16,"column":8},"end":{"line":16,"column":41}}},"fnMap":{"0":{"name":"(anonymous_0)","decl":{"start":{"line":5,"column":2},"end":{"line":5,"column":3}},"loc":{"start":{"line":5,"column":27},"end":{"line":8,"column":3}},"line":5},"1":{"name":"(anonymous_1)","decl":{"start":{"line":10,"column":2},"end":{"line":10,"column":3}},"loc":{"start":{"line":10,"column":24},"end":{"line":19,"column":3}},"line":10},"2":{"name":"(anonymous_2)","decl":{"start":{"line":12,"column":24},"end":{"line":12,"column":25}},"loc":{"start":{"line":12,"column":41},"end":{"line":18,"column":5}},"line":12}},"branchMap":{"0":{"loc":{"start":{"line":13,"column":6},"end":{"line":17,"column":7}},"type":"if","locations":[{"start":{"line":13,"column":6},"end":{"line":17,"column":7}},{"start":{"line":13,"column":6},"end":{"line":17,"column":7}}],"line":13}},"s":{"0":4,"1":4,"2":1,"3":1,"4":2,"5":2,"6":1,"7":1,"8":1},"f":{"0":1,"1":2,"2":2},"b":{"0":[1,1]},"_coverageSchema":"43e27e138ebf9cfc5966b082cf9a028302ed4184","hash":"4bc582d444e435eaeca69de0a0ba4eaa14835b57"}
,"C:\\Users\\Victor\\Desktop\\practic\\task-app-jest\\src\\store\\tasks\\state.js": {"path":"C:\\Users\\Victor\\Desktop\\practic\\task-app-jest\\src\\store\\tasks\\state.js","statementMap":{"0":{"start":{"line":2,"column":23},"end":{"line":2,"column":38}},"1":{"start":{"line":4,"column":14},"end":{"line":6,"column":1}}},"fnMap":{},"branchMap":{"0":{"loc":{"start":{"line":5,"column":9},"end":{"line":5,"column":36}},"type":"binary-expr","locations":[{"start":{"line":5,"column":9},"end":{"line":5,"column":30}},{"start":{"line":5,"column":34},"end":{"line":5,"column":36}}],"line":5}},"s":{"0":4,"1":4},"f":{},"b":{"0":[4,4]},"_coverageSchema":"43e27e138ebf9cfc5966b082cf9a028302ed4184","hash":"a255a89643009d4b3e04decc5dd40c0c9bcfc39e"}
,"C:\\Users\\Victor\\Desktop\\practic\\task-app-jest\\src\\views\\TasksList.vue": {"path":"C:\\Users\\Victor\\Desktop\\practic\\task-app-jest\\src\\views\\TasksList.vue","statementMap":{"0":{"start":{"line":17,"column":0},"end":{"line":17,"column":null}},"1":{"start":{"line":18,"column":0},"end":{"line":18,"column":null}},"2":{"start":{"line":19,"column":0},"end":{"line":19,"column":null}}},"fnMap":{},"branchMap":{},"s":{"0":1,"1":1,"2":1},"f":{},"b":{}}
}
