TN:
SF:C:\Users\Victor\Desktop\practic\task-app-jest\src\components\FormApp.vue
FN:63,(anonymous_1)
FN:70,(anonymous_2)
FNF:2
FNH:2
FNDA:6,(anonymous_1)
FNDA:4,(anonymous_2)
DA:58,1
DA:63,6
DA:71,4
LF:3
LH:3
BRF:0
BRH:0
end_of_record
TN:
SF:C:\Users\Victor\Desktop\practic\task-app-jest\src\components\TaskItem.vue
FN:37,(anonymous_1)
FNF:1
FNH:1
FNDA:15,(anonymous_1)
DA:21,2
DA:38,15
LF:2
LH:2
BRDA:38,0,0,14
BRDA:38,0,1,1
BRF:2
BRH:2
end_of_record
TN:
SF:C:\Users\Victor\Desktop\practic\task-app-jest\src\localStorage\index.js
FN:3,(anonymous_0)
FN:7,(anonymous_1)
FN:13,(anonymous_2)
FNF:3
FNH:3
FNDA:12,(anonymous_0)
FNDA:7,(anonymous_1)
FNDA:6,(anonymous_2)
DA:1,5
DA:4,12
DA:8,7
DA:10,5
DA:14,6
LF:5
LH:5
BRDA:8,0,0,2
BRDA:8,0,1,5
BRF:2
BRH:2
end_of_record
TN:
SF:C:\Users\Victor\Desktop\practic\task-app-jest\src\store\tasks\actions.js
FN:2,(anonymous_0)
FN:9,(anonymous_1)
FNF:2
FNH:2
FNDA:3,(anonymous_0)
FNDA:1,(anonymous_1)
DA:1,4
DA:3,3
DA:4,2
DA:6,1
DA:10,1
LF:5
LH:5
BRDA:3,0,0,2
BRDA:3,0,1,1
BRDA:3,1,0,3
BRDA:3,1,1,3
BRDA:3,1,2,2
BRF:5
BRH:5
end_of_record
TN:
SF:C:\Users\Victor\Desktop\practic\task-app-jest\src\store\tasks\getters.js
FN:2,(anonymous_0)
FNF:1
FNH:1
FNDA:3,(anonymous_0)
DA:1,4
DA:3,3
LF:2
LH:2
BRF:0
BRH:0
end_of_record
TN:
SF:C:\Users\Victor\Desktop\practic\task-app-jest\src\store\tasks\mutations.js
FN:5,(anonymous_0)
FN:10,(anonymous_1)
FN:12,(anonymous_2)
FNF:3
FNH:3
FNDA:1,(anonymous_0)
FNDA:2,(anonymous_1)
FNDA:2,(anonymous_2)
DA:2,4
DA:4,4
DA:6,1
DA:7,1
DA:12,2
DA:13,2
DA:14,1
DA:15,1
DA:16,1
LF:9
LH:9
BRDA:13,0,0,1
BRDA:13,0,1,1
BRF:2
BRH:2
end_of_record
TN:
SF:C:\Users\Victor\Desktop\practic\task-app-jest\src\store\tasks\state.js
FNF:0
FNH:0
DA:2,4
DA:4,4
LF:2
LH:2
BRDA:5,0,0,4
BRDA:5,0,1,4
BRF:2
BRH:2
end_of_record
TN:
SF:C:\Users\Victor\Desktop\practic\task-app-jest\src\views\TasksList.vue
FNF:0
FNH:0
DA:17,1
DA:18,1
DA:19,1
LF:3
LH:3
BRF:0
BRH:0
end_of_record
